  [1m[35m (0.7ms)[0m  [1m[34mSELECT sqlite_version(*)[0m
  [1m[35m (2.6ms)[0m  [1m[35mCREATE TABLE "schema_migrations" ("version" varchar NOT NULL PRIMARY KEY)[0m
  [1m[35m (1.4ms)[0m  [1m[35mCREATE TABLE "ar_internal_metadata" ("key" varchar NOT NULL PRIMARY KEY, "value" varchar, "created_at" datetime NOT NULL, "updated_at" datetime NOT NULL)[0m
  [1m[35m (0.3ms)[0m  [1m[34mSELECT "schema_migrations"."version" FROM "schema_migrations" ORDER BY "schema_migrations"."version" ASC[0m
Migrating to DeviseCreateUsers (20180113143512)
  [1m[35m (0.1ms)[0m  [1m[36mbegin transaction[0m
  [1m[35m (0.5ms)[0m  [1m[35mCREATE TABLE "users" ("id" INTEGER PRIMARY KEY AUTOINCREMENT NOT NULL, "email" varchar DEFAULT '' NOT NULL, "encrypted_password" varchar DEFAULT '' NOT NULL, "reset_password_token" varchar, "reset_password_sent_at" datetime, "remember_created_at" datetime, "sign_in_count" integer DEFAULT 0 NOT NULL, "current_sign_in_at" datetime, "last_sign_in_at" datetime, "current_sign_in_ip" varchar, "last_sign_in_ip" varchar, "created_at" datetime NOT NULL, "updated_at" datetime NOT NULL)[0m
  [1m[35m (0.2ms)[0m  [1m[35mCREATE UNIQUE INDEX "index_users_on_email" ON "users" ("email")[0m
  [1m[35m (0.1ms)[0m  [1m[34m            SELECT sql
            FROM sqlite_master
            WHERE name='index_users_on_email' AND type='index'
            UNION ALL
            SELECT sql
            FROM sqlite_temp_master
            WHERE name='index_users_on_email' AND type='index'
[0m
  [1m[35m (0.2ms)[0m  [1m[35mCREATE UNIQUE INDEX "index_users_on_reset_password_token" ON "users" ("reset_password_token")[0m
  [1m[35mSQL (0.2ms)[0m  [1m[32mINSERT INTO "schema_migrations" ("version") VALUES (?)[0m  [["version", "20180113143512"]]
  [1m[35m (1.1ms)[0m  [1m[36mcommit transaction[0m
Migrating to AddNameToUsers (20180113143715)
  [1m[35m (0.1ms)[0m  [1m[36mbegin transaction[0m
  [1m[35m (0.5ms)[0m  [1m[35mALTER TABLE "users" ADD "name" varchar[0m
  [1m[35mSQL (0.2ms)[0m  [1m[32mINSERT INTO "schema_migrations" ("version") VALUES (?)[0m  [["version", "20180113143715"]]
  [1m[35m (0.9ms)[0m  [1m[36mcommit transaction[0m
Migrating to CreateRestaurants (20180113144242)
  [1m[35m (0.1ms)[0m  [1m[36mbegin transaction[0m
  [1m[35m (0.6ms)[0m  [1m[35mCREATE TABLE "restaurants" ("id" INTEGER PRIMARY KEY AUTOINCREMENT NOT NULL, "city_id" integer, "name" varchar, "cuisine_id" integer, "created_at" datetime NOT NULL, "updated_at" datetime NOT NULL)[0m
  [1m[35mSQL (0.3ms)[0m  [1m[32mINSERT INTO "schema_migrations" ("version") VALUES (?)[0m  [["version", "20180113144242"]]
  [1m[35m (2.9ms)[0m  [1m[36mcommit transaction[0m
Migrating to CreateCuisines (20180113144303)
  [1m[35m (0.1ms)[0m  [1m[36mbegin transaction[0m
  [1m[35m (0.5ms)[0m  [1m[35mCREATE TABLE "cuisines" ("id" INTEGER PRIMARY KEY AUTOINCREMENT NOT NULL, "name" varchar, "created_at" datetime NOT NULL, "updated_at" datetime NOT NULL)[0m
  [1m[35mSQL (0.3ms)[0m  [1m[32mINSERT INTO "schema_migrations" ("version") VALUES (?)[0m  [["version", "20180113144303"]]
  [1m[35m (1.2ms)[0m  [1m[36mcommit transaction[0m
Migrating to CreateReviews (20180113144348)
  [1m[35m (0.2ms)[0m  [1m[34mSELECT "schema_migrations"."version" FROM "schema_migrations" ORDER BY "schema_migrations"."version" ASC[0m
Migrating to CreateReviews (20180113144348)
  [1m[35m (0.1ms)[0m  [1m[36mbegin transaction[0m
  [1m[35m (0.1ms)[0m  [1m[34mSELECT sqlite_version(*)[0m
  [1m[35m (0.6ms)[0m  [1m[35mCREATE TABLE "reviews" ("id" INTEGER PRIMARY KEY AUTOINCREMENT NOT NULL, "rating" integer, "content" varchar, "user_id" integer, "restaurant_id" integer, "created_at" datetime NOT NULL, "updated_at" datetime NOT NULL)[0m
  [1m[35mSQL (0.3ms)[0m  [1m[32mINSERT INTO "schema_migrations" ("version") VALUES (?)[0m  [["version", "20180113144348"]]
  [1m[35m (2.2ms)[0m  [1m[36mcommit transaction[0m
Migrating to CreateCities (20180113144414)
  [1m[35m (0.1ms)[0m  [1m[36mbegin transaction[0m
  [1m[35m (0.6ms)[0m  [1m[35mCREATE TABLE "cities" ("id" INTEGER PRIMARY KEY AUTOINCREMENT NOT NULL, "name" varchar, "created_at" datetime NOT NULL, "updated_at" datetime NOT NULL)[0m
  [1m[35mSQL (0.3ms)[0m  [1m[32mINSERT INTO "schema_migrations" ("version") VALUES (?)[0m  [["version", "20180113144414"]]
  [1m[35m (1.2ms)[0m  [1m[36mcommit transaction[0m
  [1m[36mActiveRecord::InternalMetadata Load (0.2ms)[0m  [1m[34mSELECT  "ar_internal_metadata".* FROM "ar_internal_metadata" WHERE "ar_internal_metadata"."key" = ? LIMIT ?[0m  [["key", "environment"], ["LIMIT", 1]]
  [1m[35m (0.1ms)[0m  [1m[36mbegin transaction[0m
  [1m[35mSQL (1.1ms)[0m  [1m[32mINSERT INTO "ar_internal_metadata" ("key", "value", "created_at", "updated_at") VALUES (?, ?, ?, ?)[0m  [["key", "environment"], ["value", "development"], ["created_at", "2018-01-13 14:50:54.727785"], ["updated_at", "2018-01-13 14:50:54.727785"]]
  [1m[35m (2.6ms)[0m  [1m[36mcommit transaction[0m
  [1m[35m (0.2ms)[0m  [1m[34mSELECT "schema_migrations"."version" FROM "schema_migrations" ORDER BY "schema_migrations"."version" ASC[0m
  [1m[35m (0.2ms)[0m  [1m[34m            SELECT sql
            FROM sqlite_master
            WHERE name='index_users_on_reset_password_token' AND type='index'
            UNION ALL
            SELECT sql
            FROM sqlite_temp_master
            WHERE name='index_users_on_reset_password_token' AND type='index'
[0m
  [1m[35m (0.2ms)[0m  [1m[34m            SELECT sql
            FROM sqlite_master
            WHERE name='index_users_on_email' AND type='index'
            UNION ALL
            SELECT sql
            FROM sqlite_temp_master
            WHERE name='index_users_on_email' AND type='index'
[0m
  [1m[35m (0.2ms)[0m  [1m[34mSELECT "schema_migrations"."version" FROM "schema_migrations" ORDER BY "schema_migrations"."version" ASC[0m
  [1m[35m (0.2ms)[0m  [1m[34mSELECT "schema_migrations"."version" FROM "schema_migrations" ORDER BY "schema_migrations"."version" ASC[0m
  [1m[35m (0.1ms)[0m  [1m[36mbegin transaction[0m
  [1m[35mSQL (0.5ms)[0m  [1m[32mINSERT INTO "cuisines" ("name", "created_at", "updated_at") VALUES (?, ?, ?)[0m  [["name", "Japanese"], ["created_at", "2018-01-13 14:51:26.070483"], ["updated_at", "2018-01-13 14:51:26.070483"]]
  [1m[35m (3.9ms)[0m  [1m[36mcommit transaction[0m
  [1m[35m (0.1ms)[0m  [1m[36mbegin transaction[0m
  [1m[35mSQL (0.4ms)[0m  [1m[32mINSERT INTO "cuisines" ("name", "created_at", "updated_at") VALUES (?, ?, ?)[0m  [["name", "Chinese"], ["created_at", "2018-01-13 14:51:26.077512"], ["updated_at", "2018-01-13 14:51:26.077512"]]
  [1m[35m (1.1ms)[0m  [1m[36mcommit transaction[0m
  [1m[35m (0.1ms)[0m  [1m[36mbegin transaction[0m
  [1m[35mSQL (0.7ms)[0m  [1m[32mINSERT INTO "cuisines" ("name", "created_at", "updated_at") VALUES (?, ?, ?)[0m  [["name", "Korean"], ["created_at", "2018-01-13 14:51:26.081135"], ["updated_at", "2018-01-13 14:51:26.081135"]]
  [1m[35m (1.4ms)[0m  [1m[36mcommit transaction[0m
  [1m[35m (0.1ms)[0m  [1m[36mbegin transaction[0m
  [1m[35mSQL (0.4ms)[0m  [1m[32mINSERT INTO "cuisines" ("name", "created_at", "updated_at") VALUES (?, ?, ?)[0m  [["name", "Italian"], ["created_at", "2018-01-13 14:51:26.085786"], ["updated_at", "2018-01-13 14:51:26.085786"]]
  [1m[35m (0.7ms)[0m  [1m[36mcommit transaction[0m
  [1m[35m (0.1ms)[0m  [1m[36mbegin transaction[0m
  [1m[35mSQL (0.4ms)[0m  [1m[32mINSERT INTO "cuisines" ("name", "created_at", "updated_at") VALUES (?, ?, ?)[0m  [["name", "French"], ["created_at", "2018-01-13 14:51:26.089231"], ["updated_at", "2018-01-13 14:51:26.089231"]]
  [1m[35m (0.8ms)[0m  [1m[36mcommit transaction[0m
  [1m[35m (0.1ms)[0m  [1m[36mbegin transaction[0m
  [1m[35mSQL (0.5ms)[0m  [1m[32mINSERT INTO "cuisines" ("name", "created_at", "updated_at") VALUES (?, ?, ?)[0m  [["name", "New American"], ["created_at", "2018-01-13 14:51:26.092554"], ["updated_at", "2018-01-13 14:51:26.092554"]]
  [1m[35m (1.4ms)[0m  [1m[36mcommit transaction[0m
  [1m[35m (0.1ms)[0m  [1m[36mbegin transaction[0m
  [1m[35mSQL (0.4ms)[0m  [1m[32mINSERT INTO "cuisines" ("name", "created_at", "updated_at") VALUES (?, ?, ?)[0m  [["name", "Mexican"], ["created_at", "2018-01-13 14:51:26.097595"], ["updated_at", "2018-01-13 14:51:26.097595"]]
  [1m[35m (3.4ms)[0m  [1m[36mcommit transaction[0m
  [1m[35m (0.1ms)[0m  [1m[36mbegin transaction[0m
  [1m[35mSQL (0.5ms)[0m  [1m[32mINSERT INTO "cuisines" ("name", "created_at", "updated_at") VALUES (?, ?, ?)[0m  [["name", "Fast Food"], ["created_at", "2018-01-13 14:51:26.103991"], ["updated_at", "2018-01-13 14:51:26.103991"]]
  [1m[35m (1.4ms)[0m  [1m[36mcommit transaction[0m
